<?xml version="1.0" encoding="UTF-8"?>
<!-- Generated by org.testng.reporters.JUnitXMLReporter -->
<testsuite hostname="MAVBCP733" ignored="0" name="ParallelTest" tests="3" failures="0" timestamp="23 Jul 2020 09:58:09 GMT" time="39.11" errors="0">
  <testcase name="Angular" time="15.696" classname="com.example.angular"/>
  <testcase name="Amazon" time="18.713" classname="com.example.GoogleIELogin"/>
  <testcase name="Amazon" time="39.074" classname="com.example.AmazonLogin"/>
</testsuite> <!-- ParallelTest -->
